0, 1.5348035925999284, 0.0535532290278934, 0.36140234375, 0.07763335824012757
1, 1.2578563019633293, 0.0015167781786294655, 0.07148312610387803, 0.049757548570632935
2, 1.2701317965984344, 0.0012379423473612406, 0.07425714761018753, 0.08463658094406128
3, 1.244883551262319, 0.0007127888742252253, 0.05489263439178467, 0.02988930940628052
4, 1.2486873529851437, 0.0003673439237172715, 0.03899696108698845, 0.025066252946853638
5, 1.2487876992672682, 0.00026334336929721756, 0.030689540594816208, 0.03275159060955048
6, 1.2604231843724847, 0.00040352461190195754, 0.04119013965129852, 0.03530002534389496
7, 1.2617115238681436, 0.00024902245728299023, 0.03356447911262512, 0.027068458795547486
8, 1.2642298014834523, 0.00024492811076925135, 0.03326492929458618, 0.03342497527599335
9, 1.2553321979939938, 0.00018561496945039834, 0.028798771649599077, 0.03387971341609955
10, 1.2596834460273385, 0.00022502677857119124, 0.03147854605317116, 0.023989412188529968
11, 1.2608647597953677, 0.00019184062490239739, 0.02832417842745781, 0.033669204711914064
12, 1.253874902613461, 0.0001774690521415323, 0.027464615166187287, 0.04226838350296021
13, 1.2517459010705352, 0.000199947320506908, 0.02831292626261711, 0.0258860781788826
14, 1.2595802890136838, 0.0001745961441702093, 0.025303361624479295, 0.027078157663345336
15, 1.261297209188342, 0.00016255023183475714, 0.026760123819112778, 0.02356726735830307
16, 1.248893746174872, 0.00017376249175867997, 0.028192178845405577, 0.02197521835565567
17, 1.2500590169802308, 0.00014264685560192448, 0.023920227497816086, 0.023038937151432036
18, 1.2480082837864757, 0.00017546902905451133, 0.026879215717315674, 0.01983773410320282
19, 1.2600476630032063, 0.0001571899322880199, 0.02619328981637955, 0.02156320184469223
20, 1.2634061882272363, 0.00015040187434351538, 0.025526667147874833, 0.034246536493301394
21, 1.2497161896899343, 0.0002128253124828916, 0.02978316107392311, 0.025106574594974517
22, 1.2671226439997554, 0.00012101344189431984, 0.021641382545232773, 0.017499623894691466
23, 1.259583219885826, 0.0001341293328005122, 0.02363138899207115, 0.020792136788368224
24, 1.2595781069248915, 0.00017535518680233508, 0.028201550632715226, 0.018842056691646576
25, 1.2435629609972239, 0.0001569291625492042, 0.025732631623744964, 0.021492618918418884
26, 1.2599632684141397, 0.00023344196160905993, 0.03083747339248657, 0.037254335284233095
27, 1.251782352104783, 0.00014824810619757045, 0.026324388086795807, 0.021193311214447022
28, 1.2606194335967302, 9.169378467049682e-05, 0.019179009467363357, 0.019913050532341003
29, 1.2634862381964922, 0.0001333982148207724, 0.023606570422649385, 0.01734774649143219
30, 1.249528018757701, 0.00021755155656137505, 0.031002080738544463, 0.03332139909267426
31, 1.2590464195236564, 0.00012773791218933183, 0.024040576577186584, 0.02133807361125946
32, 1.2491050297394395, 0.00013824722183926495, 0.02411653181910515, 0.015440803170204163
33, 1.2586915884166956, 9.858744837401901e-05, 0.020161211490631104, 0.026377534568309782
34, 1.2552281050011516, 0.00012551932122732977, 0.022727869659662246, 0.028975992202758788
35, 1.2668235301971436, 0.00014768552719033324, 0.025028609931468965, 0.019471219182014464
36, 1.2492330307140946, 0.00012115182864363305, 0.022723118007183074, 0.0180942240357399
37, 1.256173680536449, 0.00010824575416336302, 0.02088422355055809, 0.02367750585079193
38, 1.2440298302099109, 0.00014385203838173765, 0.023985061436891556, 0.030108081102371217
39, 1.2521149683743715, 0.0001225626549421577, 0.022508326172828674, 0.01976356893777847
40, 1.271216663531959, 9.30636970224441e-05, 0.019678192898631097, 0.01315029725432396
41, 1.2364076655358076, 8.707897002750542e-05, 0.02034965115785599, 0.01536321222782135
42, 1.2678705705329776, 0.00018064500101900194, 0.027055731147527694, 0.035570794343948366
43, 1.2435235558077693, 0.00022248594039410817, 0.0292698173224926, 0.02627557933330536
44, 1.2478866018354893, 0.00011954661622439743, 0.02149864062666893, 0.017560744285583497
45, 1.2466753516346216, 8.752948899200419e-05, 0.019586984902620317, 0.019876043498516082
46, 1.2412389507517219, 9.569039746565978e-05, 0.020678780600428583, 0.020236350297927856
47, 1.2506762826815248, 0.00014454300595389213, 0.025250262647867203, 0.019135291278362273
48, 1.228035531938076, 8.438728938926943e-05, 0.018161905869841576, 0.021832956075668333
49, 1.2409630101174116, 0.00010371353164373431, 0.020902114242315292, 0.013229495584964753
50, 1.2488251077011228, 6.665937831712654e-05, 0.017170578092336655, 0.01361937165260315
51, 1.250424169935286, 0.0001048460392121342, 0.0216097217798233, 0.012109667658805848
52, 1.250370361842215, 0.00011516766768181697, 0.02110204426944256, 0.018755923807621002
53, 1.2466880772262812, 0.00010908129115705378, 0.02196393460035324, 0.024845210015773774
54, 1.2593927243724465, 8.374245546292513e-05, 0.01877507983148098, 0.014401047527790069
55, 1.2406101739034057, 0.00012140023278334411, 0.02169310414791107, 0.02253423422574997
56, 1.245220623910427, 0.00010483614631084492, 0.020321097880601883, 0.014594098925590515
57, 1.261227655224502, 7.903493500634796e-05, 0.017639946430921555, 0.0120647631585598
58, 1.2565578138455749, 9.682924719527364e-05, 0.01957220570743084, 0.015048151612281799
59, 1.2516269069164991, 8.183781254047063e-05, 0.01857788732647896, 0.02126456618309021
60, 1.2510009724646807, 7.763402125419816e-05, 0.017549980625510216, 0.01807543486356735
61, 1.2462370721623302, 9.765749269718072e-05, 0.019778455793857574, 0.02035714089870453
62, 1.2581460336223245, 9.066941995115485e-05, 0.01843634180724621, 0.020997580587863923
63, 1.2560172323137522, 0.00010438240518851671, 0.021078177511692046, 0.0215413698554039
64, 1.2536896234378219, 0.00013749053090577945, 0.0245752731859684, 0.03945949554443359
65, 1.2633101856335998, 0.00011321037614834494, 0.02094337709248066, 0.020608599483966827
66, 1.2499038195237517, 0.00011345869726937963, 0.021660251066088678, 0.021162015795707704
67, 1.2568980203941464, 0.00012290209419006713, 0.023368027806282044, 0.031261839866638184
68, 1.2545819692313671, 0.00014345849725941662, 0.02540168097615242, 0.020537334382534026
69, 1.2778971027582884, 7.593378351884894e-05, 0.018266450867056847, 0.018218968510627747
70, 1.2520323805510998, 6.706311694870237e-05, 0.016788109600543975, 0.016701646149158478
71, 1.2509254310280085, 7.817085685019265e-05, 0.017840867161750793, 0.01658819168806076
72, 1.259981395676732, 7.529150410846341e-05, 0.01769231906533241, 0.016185821294784547
73, 1.2667146995663643, 9.899418084387435e-05, 0.020482330873608588, 0.02205930829048157
74, 1.2606639880686998, 7.520874863985227e-05, 0.017314453765749933, 0.010514986515045167
75, 1.240272993221879, 9.502622106083436e-05, 0.019447588503360747, 0.01612250745296478
76, 1.2526915483176708, 0.00010979145175951999, 0.020740297347307205, 0.01902101367712021
77, 1.255311886779964, 9.016464780870593e-05, 0.019386051014065743, 0.015843335092067718
78, 1.2577918944880366, 7.220909645184293e-05, 0.016120842695236205, 0.018013470470905305
79, 1.2519420329481363, 9.398853762832005e-05, 0.01875713761150837, 0.011758728176355362
80, 1.2640670640394092, 9.463295002205996e-05, 0.019688969552516936, 0.014215566366910935
81, 1.2593874810263515, 6.100385962781729e-05, 0.015228385344147681, 0.01265265241265297
82, 1.2649645423516631, 6.899139560118784e-05, 0.01693472170829773, 0.016770949065685273
83, 1.2603578688576818, 9.357769893540535e-05, 0.019190984070301054, 0.01795825183391571
84, 1.255032175220549, 0.0001117368462291779, 0.021341073140501977, 0.023833141326904297
85, 1.2653812691569328, 7.103882577212061e-05, 0.016856655403971674, 0.014156360626220704
86, 1.2575147887691855, 6.092224575695582e-05, 0.015340815365314484, 0.02584034115076065
87, 1.2559761879965663, 0.00010220009222393856, 0.02035768021643162, 0.02897825062274933
88, 1.2562037771567702, 0.00010902140336838784, 0.020623451799154282, 0.010653080642223358
89, 1.2444837233051658, 8.079814524535323e-05, 0.01734759022295475, 0.01428380846977234
90, 1.2650655983015895, 6.33138237753883e-05, 0.015227207690477371, 0.020212873816490173
91, 1.266105892136693, 8.194122488930589e-05, 0.018059975191950798, 0.022423448860645293
92, 1.251301821321249, 0.00010433799739985261, 0.020615788266062737, 0.020457794666290285
93, 1.2626144411042333, 7.414798052195693e-05, 0.017240208730101587, 0.01626289516687393
94, 1.2690665489062667, 6.868364343972643e-05, 0.01680490040779114, 0.014650724232196807
95, 1.2551952907815576, 6.196600665134611e-05, 0.016101675853133202, 0.015569787323474884
96, 1.256933856755495, 7.31844602705678e-05, 0.01725583350658417, 0.013018140494823456
97, 1.2710887277498841, 6.522345393022988e-05, 0.01565715040266514, 0.02687177300453186
98, 1.2572690760716796, 7.282005595698138e-05, 0.016652424067258836, 0.01739383578300476
99, 1.2488557007163763, 6.173150572067243e-05, 0.01574009571969509, 0.014105260074138641
100, 1.2608933812007308, 1.8107570022038998e-05, 0.00828712447732687, 0.007808839231729508
101, 1.2563509000465274, 1.4783336182517814e-05, 0.007504236079752445, 0.008050474524497985
102, 1.2475276216864586, 1.3578174621216022e-05, 0.007756858967244625, 0.007015787661075592
103, 1.2621719678863883, 1.4366683408297832e-05, 0.007733876034617424, 0.010508409440517426
104, 1.2545157326385379, 1.4494152237602975e-05, 0.007545779578387737, 0.008225941509008407
105, 1.2744985185563564, 1.977268507289409e-05, 0.008900590792298317, 0.015119231641292571
106, 1.2442935202270746, 2.210919100434694e-05, 0.00937488453090191, 0.008230641037225723
107, 1.2597003383561969, 2.325438373190991e-05, 0.009463438518345356, 0.008532848656177521
108, 1.2471620328724384, 2.425162907456979e-05, 0.00986539689451456, 0.011740653961896896
109, 1.2487238477915525, 1.4780993014937848e-05, 0.007701147243380547, 0.009137483686208725
110, 1.2602415448054671, 2.5425218609598232e-05, 0.010043553814291954, 0.009900820702314376
111, 1.2548084342852235, 2.5411263786736528e-05, 0.010138047493994235, 0.010205808132886886
112, 1.2427533166483045, 2.0472250989769238e-05, 0.009325547866523266, 0.007605385184288025
113, 1.241630426608026, 2.3876572686276632e-05, 0.009535990551114083, 0.010788610875606537
114, 1.2376212980598211, 1.8846714265237097e-05, 0.0088227941095829, 0.009757534414529801
115, 1.2601141165941954, 2.5878795768221607e-05, 0.010487415850162506, 0.011699940711259842
116, 1.243239015340805, 1.826224257456488e-05, 0.007992938600480556, 0.007284947037696839
117, 1.2450289335101843, 1.832520762945933e-05, 0.008330901294946671, 0.009638439267873763
118, 1.2380036506801844, 1.3661171869898681e-05, 0.007464500829577446, 0.006537476032972336
119, 1.2623380785807967, 2.7322017594997305e-05, 0.01022739151120186, 0.007421943545341492
120, 1.2413862738758326, 1.4638216907769674e-05, 0.007808163367211819, 0.01070988267660141
121, 1.2379499329254031, 1.7569628180353903e-05, 0.008844446942210198, 0.008669503778219224
122, 1.2692676903679967, 2.042103228632186e-05, 0.00936134222149849, 0.008841261863708497
123, 1.236159197986126, 2.2323572984532803e-05, 0.010009753361344338, 0.008995682001113892
124, 1.239892028272152, 2.2296269780781585e-05, 0.008787482596933842, 0.007900764048099519
125, 1.2466277722269297, 1.8088270089720026e-05, 0.008523036181926727, 0.0068313215672969815
126, 1.2556189019232988, 1.986472258977301e-05, 0.008709804430603981, 0.008434041291475297
127, 1.262763498350978, 2.0202731147946905e-05, 0.009093164786696434, 0.00952460154891014
128, 1.244974604807794, 2.043658628281264e-05, 0.009070058345794678, 0.008317454159259796
129, 1.2687071021646261, 2.0979242772227736e-05, 0.00913387954980135, 0.008293637335300445
130, 1.2565569542348385, 1.7606932742637583e-05, 0.00865061928331852, 0.010938072502613068
131, 1.2510962076485157, 2.5866120613500242e-05, 0.010272493332624436, 0.009305247515439987
132, 1.2628623088821769, 1.5050411648189765e-05, 0.007709269523620606, 0.006176328808069229
133, 1.2687856024131179, 2.141818907148263e-05, 0.00941155358403921, 0.011902310699224473
134, 1.2552209226414561, 1.9200175411242527e-05, 0.008782685853540898, 0.008437782675027847
135, 1.258557484485209, 2.307682772880071e-05, 0.0090026935338974, 0.011010242998600006
136, 1.2515958473086357, 2.7757458319683792e-05, 0.01024585246294737, 0.0071072372794151305
137, 1.2378490520641208, 2.0891274043606245e-05, 0.009023102052509785, 0.008559055179357528
138, 1.2482272237539291, 2.1820330775881303e-05, 0.009757130995392799, 0.009060124456882477
139, 1.2585628852248192, 1.4352454363688595e-05, 0.007508998021483421, 0.007967046201229096
140, 1.2622244581580162, 1.844888859523053e-05, 0.008543088883161545, 0.006261555552482605
141, 1.2362771769985557, 1.8591938060126266e-05, 0.008461819611489773, 0.006878346651792527
142, 1.258561727590859, 1.540803715670336e-05, 0.00778478279709816, 0.00925832524895668
143, 1.2433537263423204, 1.5679154739700606e-05, 0.007879371643066407, 0.007371523678302765
144, 1.2581044035032392, 1.726655097627372e-05, 0.008438639163970947, 0.010254315882921219
145, 1.2646263893693686, 2.658100523149187e-05, 0.009633277244865894, 0.007705187201499939
146, 1.2593062398955226, 1.4672562429041136e-05, 0.0077125378772616385, 0.008528881371021271
147, 1.2514341296628118, 2.050763818260748e-05, 0.00920582839846611, 0.007492933869361878
148, 1.2575664045289159, 1.7789232606446605e-05, 0.008193491965532302, 0.009927714914083481
149, 1.213080771267414, 1.869594244453765e-05, 0.008933113552629948, 0.013592004477977752
150, 1.2477855533361435, 1.651405674238049e-05, 0.008176925472915172, 0.008601981699466705
151, 1.2615536311641335, 1.6532349327462726e-05, 0.008003230825066567, 0.008005116879940034
152, 1.2602868881076574, 2.456687414451153e-05, 0.009770942315459252, 0.009419067651033402
153, 1.2063023187220097, 2.4216047813752083e-05, 0.009556577198207378, 0.007113885730504989
154, 1.2660130765289068, 1.984597510272579e-05, 0.00863627865165472, 0.00693561889231205
155, 1.2498408695682883, 2.374850193518796e-05, 0.009569513499736787, 0.008419650644063949
156, 1.267219115048647, 2.1763708818980376e-05, 0.009166799224913121, 0.007269384860992431
157, 1.2575468812137842, 2.391435198660474e-05, 0.009490524396300316, 0.012328481823205948
158, 1.2711006216704845, 2.4965283382698545e-05, 0.010093558982014656, 0.008862874507904052
159, 1.2470716834068298, 2.2438800078816713e-05, 0.009422111868858338, 0.007362243682146072
160, 1.2659505065530539, 1.3234545076556969e-05, 0.007517887271940708, 0.009136354327201843
161, 1.2472550719976425, 2.96157346565451e-05, 0.010727027907967568, 0.009418796747922897
162, 1.2341269021853805, 2.74936037385487e-05, 0.010162181049585342, 0.005895237177610397
163, 1.2668044175952673, 1.932762978867686e-05, 0.008441057860851288, 0.007104800045490265
164, 1.2513331910595298, 2.1936804905635654e-05, 0.009137393094599247, 0.009047474414110183
165, 1.263231291435659, 1.9758909520533052e-05, 0.008929532259702682, 0.008831431567668914
166, 1.2502955729141831, 2.4160235498129622e-05, 0.009682036951184273, 0.012020758241415025
167, 1.259682065807283, 2.082401455481886e-05, 0.009310032777488231, 0.008513280749320984
168, 1.2483129147440195, 2.683797900317586e-05, 0.009340678445994854, 0.007054896205663681
169, 1.2427367428317666, 1.97547127118014e-05, 0.008614885449409485, 0.006978252530097961
170, 1.2621084889397025, 2.2295266908258783e-05, 0.009675154015421867, 0.011513159871101379
171, 1.2583666564896703, 1.7955143975996178e-05, 0.008859252274036408, 0.008511506468057633
172, 1.2656278787180781, 1.5558982277070754e-05, 0.008078877367079258, 0.0071959950029850004
173, 1.2647407557815313, 1.596337230694189e-05, 0.00805734769999981, 0.008169734328985214
174, 1.2480608485639095, 2.5386502611581817e-05, 0.009781895488500595, 0.007415528148412704
175, 1.2534246519207954, 1.9773994008573936e-05, 0.008350131183862686, 0.008179441094398499
176, 1.2609464973211288, 1.8851894619729137e-05, 0.00813058639317751, 0.007833062410354615
177, 1.2502539185807109, 1.7037872867149416e-05, 0.007997547261416911, 0.009096054881811142
178, 1.242904743179679, 1.9897184283763636e-05, 0.008311800330877304, 0.009336982369422913
179, 1.270446002483368, 2.0235835800122005e-05, 0.009189456701278687, 0.013737951815128326
180, 1.249647494405508, 1.7594885412108853e-05, 0.007912040255963803, 0.007017663344740867
181, 1.2444792343303561, 2.3173053432401502e-05, 0.00935036715120077, 0.007369434684515
182, 1.2497786423191428, 1.837857462305692e-05, 0.008337915360927583, 0.00940051481127739
183, 1.2493212334811687, 1.4878884189784004e-05, 0.00724943234026432, 0.007147259563207626
184, 1.2513101799413562, 1.5896152917775906e-05, 0.007820673651993276, 0.006974472105503083
185, 1.2406591726467013, 1.7002335116558243e-05, 0.007993818059563637, 0.006284320205450058
186, 1.2629582230001688, 1.964087529358949e-05, 0.008444012068212032, 0.010787727981805802
187, 1.2416765103116632, 3.4969191883647e-05, 0.011019824802875519, 0.011742081195116043
188, 1.2651193644851446, 2.3187805936686345e-05, 0.009060329429805279, 0.007128158658742905
189, 1.2648558430373669, 1.8521643951316947e-05, 0.00835996623337269, 0.00900951400399208
190, 1.2718107588589191, 1.8449804538249738e-05, 0.008274004325270652, 0.010941971242427826
191, 1.2476404840126634, 1.888236787635833e-05, 0.008151735991239547, 0.011108287125825882
192, 1.271111967973411, 3.596973137973691e-05, 0.011799294471740723, 0.009721171259880066
193, 1.2535055875778198, 2.0703969785245135e-05, 0.00864406257867813, 0.01058845892548561
194, 1.2573889698833227, 2.3852765107221785e-05, 0.009392091922461987, 0.008572657704353332
195, 1.269141155295074, 2.264623080918682e-05, 0.009148946583271027, 0.009341385811567307
196, 1.2619683286175132, 2.0876003545708955e-05, 0.009246015802025795, 0.01104482114315033
197, 1.2544655930250883, 2.592371236460167e-05, 0.010123593568801879, 0.010394774079322815
198, 1.2541267639026046, 1.4551121139447787e-05, 0.007443798445165157, 0.00694257602095604
199, 1.2807437451556325, 1.721117274428252e-05, 0.0075056802183389665, 0.007886235564947129
200, 1.2372724413871765, 9.219020680575341e-06, 0.005216729193925858, 0.004402562081813812
201, 1.2578179370611906, 5.3620283756572465e-06, 0.004366548668593168, 0.004404527842998504
202, 1.242661633528769, 4.964306542660779e-06, 0.004417511992156505, 0.0038247770071029663
203, 1.2412504851818085, 4.384200717595377e-06, 0.004198741104453802, 0.004240932241082192
204, 1.2442235751077533, 3.847563509680185e-06, 0.003920832104980946, 0.006223713979125023
205, 1.2595374919474125, 4.5534341552411204e-06, 0.004314390398561955, 0.004768392816185951
206, 1.2555512189865112, 4.7193359296215935e-06, 0.004444537378847599, 0.004756885170936584
207, 1.2527432087808847, 4.904031802652753e-06, 0.004538922026753426, 0.005485586673021316
208, 1.2714088410139084, 4.912252120448102e-06, 0.004449377238750458, 0.005713702589273453
209, 1.265420618467033, 3.924206500869332e-06, 0.004098723787814379, 0.004816109240055084
210, 1.26110774371773, 7.446064978466893e-06, 0.0051347860321402546, 0.005462630018591881
211, 1.2718545440584421, 5.830777174651303e-06, 0.004741183079779148, 0.004623555764555931
212, 1.2676947191357613, 6.571544417965924e-06, 0.00488258833438158, 0.00445484958589077
213, 1.2564608547836542, 4.5751781090075385e-06, 0.004233224503695965, 0.004220585897564888
214, 1.2554418565705419, 5.661877262355119e-06, 0.004704146638512611, 0.004170253798365593
215, 1.2483190093189478, 5.16386989829698e-06, 0.0046618891209363935, 0.0038794630765914915
216, 1.2562515530735254, 4.480204081573902e-06, 0.004320244245231151, 0.005419646427035332
217, 1.245287824422121, 5.423698846698244e-06, 0.0046288855075836185, 0.004140749052166939
218, 1.255370113067329, 5.322400088516588e-06, 0.004638104189187288, 0.004997213706374169
219, 1.2602900061756372, 4.656469552628551e-06, 0.004178026180714368, 0.006128125563263893
220, 1.2547124894335866, 4.535205155207223e-06, 0.004143053434789181, 0.004347192421555519
221, 1.2544915406033397, 6.18449130342924e-06, 0.00501060601323843, 0.004196068942546844
222, 1.2625781102105975, 6.1016324912088745e-06, 0.004761399436742067, 0.004592421874403954
223, 1.272668831050396, 5.296463414197206e-06, 0.004429115578532219, 0.00366755411028862
224, 1.2968353033065796, 5.131625121066463e-06, 0.004592347700148821, 0.004799677580595016
225, 1.2743620658293366, 4.4219947267265526e-06, 0.004157565709203482, 0.004961404874920845
226, 1.2698099929839373, 6.775389979338798e-06, 0.005151385642588139, 0.004736694544553757
227, 1.2555343937128782, 4.747371465327888e-06, 0.004286716148257256, 0.004065058454871178
228, 1.254162710160017, 7.359280702985416e-06, 0.005212053090333939, 0.004833832904696464
229, 1.2715305089950562, 6.224663209195569e-06, 0.004997675828635692, 0.006316607594490051
230, 1.2448669588193297, 6.621208021897473e-06, 0.005126071624457836, 0.003947698473930359
231, 1.266057169996202, 7.313456535484875e-06, 0.0051770276948809625, 0.004439553916454315
232, 1.2490493804216385, 5.927576851263439e-06, 0.005058430686593056, 0.005115662366151809
233, 1.2491185022518039, 4.400369768973178e-06, 0.004152053475379944, 0.004391736462712288
234, 1.2564168339595199, 4.0175928347707664e-06, 0.003925066616386175, 0.0041017323732376095
235, 1.2455382104963064, 5.470718319884327e-06, 0.00478980154544115, 0.003755815327167511
236, 1.2464176155626774, 5.941121889918577e-06, 0.004733257409185171, 0.00473910890519619
237, 1.2514336360618472, 6.3154478152682715e-06, 0.004630175165832043, 0.005024049729108811
238, 1.259758803062141, 7.778178910484711e-06, 0.005349529325962067, 0.004390347972512245
239, 1.225941945798695, 4.8602852962176255e-06, 0.004203761395066977, 0.00455465130507946
240, 1.2495385045185685, 3.861249106194009e-06, 0.0037422763407230376, 0.0042775670439004895
241, 1.267292627133429, 5.33022773652192e-06, 0.004534444585442543, 0.005001156032085419
242, 1.2552138958126307, 6.590713414880156e-06, 0.005100397400557995, 0.004681160673499107
243, 1.2660468630492687, 5.284092694637366e-06, 0.004540276259183884, 0.004256149381399154
244, 1.2603974053636193, 5.606038312180317e-06, 0.004782844863831997, 0.004358950331807137
245, 1.2530210195109248, 4.991969949514896e-06, 0.004392446361482143, 0.004576029777526855
246, 1.2513088006526232, 4.789018980773107e-06, 0.004334250830113888, 0.004571668580174446
247, 1.255919011309743, 3.7535818864853356e-06, 0.003906697869300842, 0.004318897277116775
248, 1.264794715680182, 4.894334658729349e-06, 0.004484797522425652, 0.004872874170541763
249, 1.2448439123108983, 3.800832782872021e-06, 0.0037845081835985186, 0.005808266252279282
250, 1.2668259274214506, 5.682508156041877e-06, 0.0047269100397825245, 0.0058552660048007965
251, 1.2503331061452627, 6.378509635851515e-06, 0.004987837225198746, 0.00519034393131733
252, 1.267534856684506, 4.750716054786608e-06, 0.004335134860128164, 0.005637993887066841
253, 1.2682398688048124, 5.757461076427717e-06, 0.0047307626307010655, 0.005107932165265084
254, 1.277057034894824, 5.1056342113042775e-06, 0.004320962369441986, 0.004329230934381485
255, 1.2502987962216139, 5.272689554658427e-06, 0.004598707489669323, 0.004485169425606728
256, 1.2705278377979994, 6.621068878303049e-06, 0.00505699497461319, 0.005916015580296517
257, 1.2539085783064365, 6.655091901848209e-06, 0.005152976159006357, 0.004667862132191658
258, 1.269065654836595, 4.349648645529669e-06, 0.004072960112243891, 0.004475022703409195
259, 1.259337393566966, 5.869446167707792e-06, 0.004862008348107338, 0.006287455186247825
260, 1.2595742531120777, 4.560651404972305e-06, 0.0041777206063270565, 0.003924383819103241
261, 1.2404083628207445, 4.812137726730725e-06, 0.003841941025108099, 0.0037189779430627824
262, 1.2598533034324646, 4.168295183717419e-06, 0.003877005886286497, 0.004944057390093804
263, 1.2706198077648878, 6.128444624664553e-06, 0.0048611205145716666, 0.0053967244178056714
264, 1.2798362597823143, 5.401819162216271e-06, 0.004699208684265614, 0.004134205281734467
265, 1.2606754824519157, 6.105892252890044e-06, 0.004975314058363438, 0.005138816013932228
266, 1.2550827730447054, 8.326076776938863e-06, 0.005498638272285462, 0.004198042973876
267, 1.2768723648041487, 4.618376553935377e-06, 0.0043221420124173165, 0.004273351654410363
268, 1.2717442363500595, 4.971700618625618e-06, 0.00430744444951415, 0.005412912890315056
269, 1.2636520667001605, 6.20607762812142e-06, 0.00489638914912939, 0.006030844673514366
270, 1.2445460315793753, 5.088347763830825e-06, 0.004183104768395424, 0.0036996287852525712
271, 1.2576023554429412, 3.742545954992238e-06, 0.003798965875059366, 0.003495815694332123
272, 1.253709239885211, 4.502592389599158e-06, 0.004178608380258083, 0.004588094353675842
273, 1.265015009790659, 4.935978840876487e-06, 0.0042008979432284835, 0.0036747726798057557
274, 1.2603460904210806, 6.085939307922672e-06, 0.004973839089274406, 0.004002739191055298
275, 1.2684035133570433, 5.753237505814468e-06, 0.004712560899555683, 0.004337879568338394
276, 1.2537443097680807, 8.084455089374387e-06, 0.00559587923437357, 0.004034887179732323
277, 1.2593952184543014, 3.6918818909725814e-06, 0.0040089101903140545, 0.0042141760140657425
278, 1.2648664256557822, 5.503496813616948e-06, 0.0046820444539189335, 0.003893572688102722
279, 1.2588243810459971, 6.56512835803369e-06, 0.00480123433470726, 0.0049873247742652895
280, 1.2568962117657065, 4.570156831960048e-06, 0.004106754548847675, 0.0043729285895824435
281, 1.2486877292394638, 4.722246021628962e-06, 0.00429056753590703, 0.00600030742585659
282, 1.25126807205379, 4.7696724413981425e-06, 0.004164411079138518, 0.004904094710946083
283, 1.2547062505036592, 6.369710886247048e-06, 0.004706537976861, 0.003875732421875
284, 1.257069985382259, 4.626170230039861e-06, 0.003945423938333989, 0.0043395193666219715
285, 1.259433476254344, 3.347998826939147e-06, 0.0036969865672290326, 0.0039017093181610107
286, 1.2607032740488648, 6.65395401256319e-06, 0.004997180618345738, 0.003815280124545097
287, 1.2503581969067454, 5.0080972368959915e-06, 0.004471644006669521, 0.0042119591683149335
288, 1.2549153892323375, 4.89147525968292e-06, 0.004150586888194084, 0.004950065240263939
289, 1.2580211237072945, 4.063576454882423e-06, 0.00400246161967516, 0.004056139811873436
290, 1.254590004682541, 4.552579896426323e-06, 0.004170503605157137, 0.004300480261445045
291, 1.2652287371456623, 4.5521735773945695e-06, 0.0042502211704850195, 0.0037573181092739106
292, 1.2415019189938903, 3.8241617062340085e-06, 0.003885765250772238, 0.005177674666047096
293, 1.2621985217556357, 4.2003246198873965e-06, 0.0040698435716331, 0.005929761081933976
294, 1.2580617321655154, 5.918064855450211e-06, 0.00477396485209465, 0.00363651379942894
295, 1.2512999661266804, 5.569740471855766e-06, 0.004655427802354097, 0.006949325352907181
296, 1.2652821196243167, 7.662822561087524e-06, 0.005157611720263958, 0.004764307141304016
297, 1.2594742523506284, 5.494785423252324e-06, 0.004360197484493256, 0.0044836606085300445
298, 1.2484596641734242, 4.608390770499682e-06, 0.004266803465783596, 0.003981046006083488
299, 1.2539018848910928, 4.453089891285345e-06, 0.004299333147704601, 0.0055024814605712895
300, 1.2541802721098065, 2.3566938057228983e-06, 0.002955819770693779, 0.0027980095893144607
301, 1.2650496298447251, 1.2529101474001436e-06, 0.002302236493676901, 0.002923263646662235
302, 1.267804741859436, 1.6095199885057808e-06, 0.0025755603201687337, 0.003040304630994797
303, 1.2471076603978872, 1.2741498176183086e-06, 0.0023561466597020624, 0.003171704187989235
304, 1.264133027754724, 1.4021948925346806e-06, 0.002423509530723095, 0.002803148105740547
305, 1.2581203412264585, 1.116812357508934e-06, 0.0021056250631809235, 0.002572298049926758
306, 1.258616148494184, 1.294395437980711e-06, 0.002337645400315523, 0.0027043824642896653
307, 1.270078556612134, 1.1774068610748146e-06, 0.0022624843362718822, 0.0028602063283324243
308, 1.259412955492735, 1.6098928892915864e-06, 0.0026058666966855526, 0.0034039889276027678
309, 1.2391986977308989, 1.8781743074214319e-06, 0.002584932666271925, 0.002940697893500328
310, 1.255139340646565, 1.3987249189995055e-06, 0.0023497256338596345, 0.0030077193304896355
311, 1.2684750379994512, 1.252155935844712e-06, 0.002287589058279991, 0.002895044907927513
312, 1.2520903190597892, 1.6733057270812424e-06, 0.0026691223122179506, 0.0031737440824508665
313, 1.2627006275579333, 1.382348882543738e-06, 0.0023972346782684326, 0.0037308625131845475
314, 1.265468642115593, 1.4225554662061769e-06, 0.002511522218585014, 0.00284217219799757
315, 1.2654775818809867, 1.3427124099507637e-06, 0.0024572423696517945, 0.0028493878245353698
316, 1.2618785677477717, 1.334661563987538e-06, 0.002409318666905165, 0.002841402441263199
317, 1.2711676750332117, 1.825475368377738e-06, 0.002698527131229639, 0.004052097797393799
318, 1.26245959661901, 1.6323673833085195e-06, 0.0027309463024139404, 0.002771934159100056
319, 1.2479885686188936, 1.7608667076274286e-06, 0.0027749708108603956, 0.003154664896428585
320, 1.2437039464712143, 2.0773921835370857e-06, 0.003035578113049269, 0.002772172689437866
321, 1.2663049912080169, 1.7452794838845875e-06, 0.0027714466787874697, 0.0030466703698039054
322, 1.2620015740394592, 1.311575302906931e-06, 0.0023907829113304613, 0.0029946926608681677
323, 1.2649109456688166, 1.4544950249728571e-06, 0.0024528281539678573, 0.0027884604036808014
324, 1.2474977932870388, 1.101509637919662e-06, 0.0021683571599423884, 0.0028359167650341987
325, 1.253477767109871, 1.7621030144709947e-06, 0.0026786481216549874, 0.002962122969329357
326, 1.2574660191312432, 1.7781351925805212e-06, 0.0026597660183906554, 0.0028452758491039278
327, 1.2511769449338317, 1.403738672252075e-06, 0.0024572218134999275, 0.0025757377967238425
328, 1.2714337604120374, 1.299645269909888e-06, 0.002321327026933432, 0.0026341695711016655
329, 1.2527030622586608, 1.500140883763379e-06, 0.0025093877129256726, 0.0031380104273557663
330, 1.2564149936661124, 2.023738699108435e-06, 0.0028472743965685366, 0.0027675415202975274
331, 1.2496969001367688, 1.827405984613506e-06, 0.002788267593830824, 0.003746389076113701
332, 1.2662557857111096, 1.7050093094894692e-06, 0.002656714420765638, 0.002721267230808735
333, 1.2566431136801839, 1.3361045216697676e-06, 0.002399282995611429, 0.0027692195028066633
334, 1.2760843252763152, 1.2648009510485281e-06, 0.0023586765304207803, 0.0028055843338370325
335, 1.2994737112894654, 1.3549596997108893e-06, 0.0023765483163297177, 0.003056841492652893
336, 1.2952680476009846, 1.0950775191531647e-06, 0.002179991822689772, 0.0027957500889897345
337, 1.2701149936765432, 1.4062203615594625e-06, 0.002392152324318886, 0.002975383847951889
338, 1.2418815521523356, 1.4170157351145463e-06, 0.002491606269031763, 0.0024223508313298225
339, 1.2719574496150017, 1.1290747704606475e-06, 0.002224956903606653, 0.002878860868513584
340, 1.265074304305017, 2.255129435297931e-06, 0.003076373338699341, 0.0032677483931183816
341, 1.260467535816133, 1.886203690446564e-06, 0.002887736402451992, 0.0027181262895464896
342, 1.2642646273598075, 1.412014692050434e-06, 0.002502176482230425, 0.002797105312347412
343, 1.258077778853476, 1.6450454734240338e-06, 0.002601854506880045, 0.0032213207334280012
344, 1.2696914160624146, 1.9329848851157293e-06, 0.0029552177004516125, 0.003241646885871887
345, 1.259726595133543, 1.7271543026708969e-06, 0.00264079262688756, 0.0028826525062322617
346, 1.2618593405932188, 2.0233146960890737e-06, 0.002950418468564749, 0.003499762490391731
347, 1.2557370513677597, 2.3927686515889946e-06, 0.003101192019879818, 0.0030799075216054917
348, 1.2642644429579377, 1.7393870393789256e-06, 0.002667473413050175, 0.0031930699944496153
349, 1.2674801908433437, 1.5390188559649686e-06, 0.002573433294892311, 0.002953271009027958
350, 1.2584503442049026, 1.1941219662503499e-06, 0.002265203196555376, 0.0028495225310325623
351, 1.2627579038962722, 1.3784514601411501e-06, 0.002339566670358181, 0.0027490004152059557
352, 1.2607438750565052, 1.5665289458866028e-06, 0.002442301549017429, 0.0039454236626625065
353, 1.2637873804196715, 2.183446290473512e-06, 0.002954641383141279, 0.0037414951622486113
354, 1.2429569056257606, 2.3120648825170066e-06, 0.003116614520549774, 0.003160547949373722
355, 1.265118227340281, 1.3636194029231774e-06, 0.0024372338727116586, 0.0031150441616773607
356, 1.2458846336230636, 1.1801993275639689e-06, 0.002217658743262291, 0.002673099525272846
357, 1.2534352205693722, 1.460338198739919e-06, 0.0025054133646190166, 0.003261437937617302
358, 1.2659599911421537, 1.8596837423956458e-06, 0.002737205132842064, 0.0029093319550156592
359, 1.2530392920598388, 1.6187016967705858e-06, 0.0025742816142737867, 0.0030575064197182656
360, 1.2640855628997087, 1.2181118165699445e-06, 0.002281475771218538, 0.0029199039191007614
361, 1.2606953140348196, 1.4556744304172752e-06, 0.002373981799930334, 0.002843933813273907
362, 1.2842806428670883, 1.5814972232419677e-06, 0.0025519946068525315, 0.0030971355363726616
363, 1.2669130563735962, 1.7608423456749734e-06, 0.0025963280349969864, 0.002754761911928654
364, 1.2444050647318363, 1.1275207310745827e-06, 0.0021995002180337907, 0.0028888553380966185
365, 1.2226929496973753, 1.216815704765395e-06, 0.0022529096864163877, 0.003114166781306267
366, 1.3233662256971002, 1.6991191478155088e-06, 0.002632910810410976, 0.0031828196346759797
367, 1.2519411649554968, 1.166731830721801e-06, 0.0022767857387661935, 0.002821230664849281
368, 1.2650723941624165, 1.1960922472553648e-06, 0.0022893568985164164, 0.0030962714925408365
369, 1.2891491940245032, 1.272046105782465e-06, 0.002422185055911541, 0.0036589452624320984
370, 1.2667283238843083, 1.577318287218077e-06, 0.002571251027286053, 0.002785847447812557
371, 1.2678618179634213, 1.8681439621559548e-06, 0.002798448882997036, 0.0032375744357705117
372, 1.2920227097347379, 1.587093469197498e-06, 0.0024950319267809393, 0.0028500929474830627
373, 1.405321791768074, 1.137728727371723e-06, 0.0022043254300951956, 0.0029238590225577356
374, 1.3071175590157509, 1.819502080024904e-06, 0.0027257604487240313, 0.003001195564866066
375, 1.333047790452838, 1.6793373458767746e-06, 0.0026274064891040325, 0.0027960455045104027
376, 1.3404618566855788, 1.44858944850057e-06, 0.002457069966942072, 0.0027699640020728113
377, 1.305907005444169, 1.553029557044283e-06, 0.0025793899483978746, 0.003952852338552475
378, 1.2968454444780946, 1.5167671233484726e-06, 0.0024944936223328116, 0.0028404466807842254
379, 1.2741452036425471, 1.365002955253658e-06, 0.0023271034099161623, 0.0027853681147098543
380, 1.2376823658123612, 1.3901501762347835e-06, 0.002472670316696167, 0.0029953084886074066
381, 1.252625440247357, 1.2889560218809493e-06, 0.002335821654647589, 0.002875467613339424
382, 1.2666774783283472, 1.6950030578755105e-06, 0.002712876208126545, 0.00287336815148592
383, 1.2860772805288434, 1.610203815971545e-06, 0.002529118351638317, 0.0031909257918596268
384, 1.2676341366022825, 1.4101175099767714e-06, 0.0022668121084570884, 0.003117984905838966
385, 1.2382556581869721, 1.548340094359446e-06, 0.002507233154028654, 0.0031246425956487655
386, 1.2945340098813176, 1.7234562369594642e-06, 0.0026139838583767415, 0.0037930222600698472
387, 1.272663357667625, 2.414655455140746e-06, 0.003206520900130272, 0.003357307128608227
388, 1.2845734748989344, 1.5212109758522274e-06, 0.002434403769671917, 0.0027965475618839265
389, 1.2578603513538837, 1.0848545133512743e-06, 0.002194303557276726, 0.0028603293374180796
390, 1.2423126101493835, 1.149132415321219e-06, 0.0022163272872567177, 0.002894124798476696
391, 1.1120969746261835, 1.318532238201442e-06, 0.0023869741186499597, 0.0028108512610197068
392, 1.0782566843554378, 1.657994500874338e-06, 0.0026029795482754707, 0.0031747522577643393
393, 1.1556205172091722, 1.959080398137303e-06, 0.0028198343478143214, 0.0034861948713660242
394, 1.2661918755620718, 1.9231101350669633e-06, 0.002783716391772032, 0.003126051053404808
395, 1.2638094294816256, 1.8240393546875566e-06, 0.0025926143303513526, 0.002762514092028141
396, 1.2525701615959406, 1.6119890176469198e-06, 0.0025364407673478125, 0.0029205013066530227
397, 1.2570189805701375, 1.7234289634870948e-06, 0.0027224191166460516, 0.003202814981341362
398, 1.1766713485121727, 1.5251945603722561e-06, 0.0025044916570186614, 0.002856921777129173
399, 1.231096458621323, 1.567086416116581e-06, 0.002560099843889475, 0.0027590766549110413
400, 1.2548679392784834, 8.081643852619891e-07, 0.0017896716743707657, 0.0023312200978398323
401, 1.254318356513977, 5.323899404174882e-07, 0.0015783862471580505, 0.0024090009555220605
402, 1.2671678513288498, 5.825292680583516e-07, 0.0016732370257377623, 0.0023679179698228837
403, 1.2131805242970586, 5.783633071132499e-07, 0.0016622765008360147, 0.002259387485682964
404, 1.261940841563046, 4.845032373168578e-07, 0.001547042302787304, 0.0022404180467128754
405, 1.2481047688052058, 4.81170017110344e-07, 0.0015255634933710098, 0.0024963250756263734
406, 1.2603515591472387, 5.394822568405289e-07, 0.0016270590014755726, 0.0023805661126971244
407, 1.2617274774238467, 5.555571806326042e-07, 0.001622726971283555, 0.002290599048137665
408, 1.2629287149757147, 5.973772860556892e-07, 0.0016719944681972264, 0.002269321642816067
409, 1.2740322202444077, 5.911770801958482e-07, 0.0016458380501717328, 0.0023894865065813065
410, 1.2666410878300667, 5.536057432209418e-07, 0.0016411509532481433, 0.0023339034244418146
411, 1.2695681173354387, 6.329857410491968e-07, 0.001714393714442849, 0.0022540560737252234
412, 1.2489564567804337, 5.073636043562146e-07, 0.0015771096274256706, 0.002298143729567528
413, 1.263845787383616, 5.081895608327614e-07, 0.0015439650788903235, 0.0022965137287974356
414, 1.25420016143471, 5.512590041689692e-07, 0.0016381592229008674, 0.002273320220410824
415, 1.2564344936981797, 6.117451243881077e-07, 0.0016977462749928236, 0.002327251844108105
416, 1.2493869792670012, 5.273531661487141e-07, 0.001575806148350239, 0.0024337915331125257
417, 1.2527825003489852, 4.587219967788769e-07, 0.0014938037879765034, 0.002232836298644543
418, 1.2708108080551028, 7.127288012043209e-07, 0.0017641645092517139, 0.0023111354932188986
419, 1.2610375275835395, 7.301289247152454e-07, 0.0018439157623797654, 0.0024423473328351974
420, 1.2767701661214232, 5.228585834515797e-07, 0.001594517182558775, 0.002358887605369091
421, 1.2517249835655093, 4.882113853454939e-07, 0.0015124185923486948, 0.002307872921228409
422, 1.273002278059721, 5.09334664684502e-07, 0.0015478722676634789, 0.002235545739531517
423, 1.2643917929381132, 5.082603217942961e-07, 0.0015457529220730066, 0.0022340117022395132
424, 1.2592780943959951, 5.848996448776233e-07, 0.0016799339689314366, 0.0022997185960412026
425, 1.2714791605249047, 4.941831673477282e-07, 0.0015232412833720446, 0.002204764075577259
426, 1.2474988177418709, 5.767198302919497e-07, 0.0016523533146828413, 0.002309125028550625
427, 1.261993103660643, 5.552360374849741e-07, 0.0016045019011944532, 0.002494697868824005
428, 1.2588603738695383, 5.403398046155416e-07, 0.001617628751322627, 0.0023569118231534956
429, 1.2602086057886481, 6.593044662395187e-07, 0.0017533179987221956, 0.002467978186905384
430, 1.2712888484820724, 7.503677659315144e-07, 0.0018437019512057304, 0.0025117585062980653
431, 1.273054144345224, 7.973271436867435e-07, 0.0018676372710615396, 0.00234947320073843
432, 1.265320898965001, 5.58933055003763e-07, 0.0015655650906264782, 0.002281099520623684
433, 1.25773670617491, 5.904089920250044e-07, 0.0016997569352388382, 0.0021956736594438554
434, 1.2796971322968602, 5.079395549500987e-07, 0.0015670671500265599, 0.0022756870090961455
435, 1.2593799168244004, 5.630664617228831e-07, 0.001647445285692811, 0.002366483844816685
436, 1.269554772414267, 5.447983949125046e-07, 0.0015994715820997953, 0.0023633772879838944
437, 1.270926565863192, 8.534283659855646e-07, 0.0019135964829474687, 0.002420085184276104
438, 1.2626233277842402, 6.720123025161228e-07, 0.0017132030688226222, 0.0022669654712080957
439, 1.2585963374003768, 5.998656752126408e-07, 0.0016387598011642695, 0.0022281759977340696
440, 1.281959212385118, 6.259870821168079e-07, 0.0017335108742117882, 0.002212149128317833
441, 1.2585058445110917, 4.5885799693223817e-07, 0.0015051169395446777, 0.0023338765650987624
442, 1.2506088595837355, 6.038346487002855e-07, 0.0016864568777382374, 0.0023144423961639405
443, 1.2628473192453384, 4.4152395958008126e-07, 0.0014720451775938272, 0.002347392365336418
444, 1.2573907915502787, 5.551451079099934e-07, 0.0016228502485901117, 0.0022921908646821977
445, 1.253522178158164, 5.816002499159368e-07, 0.0016635940968990326, 0.002218458987772465
446, 1.2607148149982095, 5.958675114925426e-07, 0.0016549554616212844, 0.0026469551026821136
447, 1.2564737917855382, 7.521554977074629e-07, 0.0018457432668656112, 0.0023364299908280373
448, 1.2309707021340728, 5.469592952067614e-07, 0.0015854277927428483, 0.0028615978360176085
449, 1.243407215923071, 6.198794460487988e-07, 0.0016792523730546237, 0.002414544299244881
450, 1.2490014918148518, 6.45372184635562e-07, 0.0017294582799077035, 0.002480609379708767
451, 1.2161833234131336, 5.51923449734204e-07, 0.0016205470226705074, 0.0023519424721598625
452, 1.199878771789372, 7.349793133926141e-07, 0.0018551035597920418, 0.0028137307241559027
453, 1.1271073315292597, 6.689231662448946e-07, 0.0017433833610266446, 0.00226262915879488
454, 1.2344072246924043, 5.089082776521536e-07, 0.0015286468137055635, 0.0021897265687584877
455, 1.260795719921589, 5.630213797758188e-07, 0.0016217767037451267, 0.0022557835280895234
456, 1.1534429602324963, 5.591526985426754e-07, 0.0015762327406555413, 0.0024605562537908555
457, 1.2283314848318696, 5.309986369184117e-07, 0.001583166565746069, 0.0023944273963570593
458, 1.2093454599380493, 4.933597330136764e-07, 0.0015197736211121082, 0.002352364137768745
459, 1.264222126454115, 5.091599081197273e-07, 0.001558367656543851, 0.002351493649184704
460, 1.2101511787623167, 6.015620004973244e-07, 0.0016681610867381096, 0.0024331076070666312
461, 1.2372207548469305, 7.892688194033326e-07, 0.0018971179854124784, 0.002550137937068939
462, 1.2135182656347752, 5.598219712510399e-07, 0.0015751405004411935, 0.002350262738764286
463, 1.2425462938845158, 5.164137888868936e-07, 0.0015604679547250272, 0.002293813228607178
464, 1.2724575866013765, 6.366282133285495e-07, 0.0017127845361828804, 0.0024354508146643638
465, 1.265765723772347, 5.65529613822946e-07, 0.0015997119136154652, 0.002197761796414852
466, 1.2679028818383813, 4.790506756080503e-07, 0.001518302695825696, 0.002243347093462944
467, 1.259758573025465, 5.423954723937641e-07, 0.0015666498802602291, 0.0023926330730319025
468, 1.2618954433128238, 5.217865759732376e-07, 0.0015605442244559526, 0.0023113510385155676
469, 1.2681739386171103, 5.391531175291675e-07, 0.0015304897278547286, 0.0022255932912230493
470, 1.253881050273776, 5.548365970753366e-07, 0.0016101537607610226, 0.0025100888684391975
471, 1.2519641276448965, 7.602781477089592e-07, 0.0018903290033340453, 0.0024806247651576996
472, 1.2616312578320503, 5.836651928348147e-07, 0.0016546590104699135, 0.002566954083740711
473, 1.2572683217003942, 7.029300206795596e-07, 0.001765618521720171, 0.002576358914375305
474, 1.2752483813092113, 7.346258632878743e-07, 0.001787059772759676, 0.002264758124947548
475, 1.26169044803828, 6.021169701853068e-07, 0.0016168417017906904, 0.002480638064444065
476, 1.254876242019236, 6.027068980074546e-07, 0.0016756577417254448, 0.002262973114848137
477, 1.2615316109731793, 5.439443418708834e-07, 0.0015844226256012917, 0.0023572739958763124
478, 1.2640772918239236, 5.65997156627418e-07, 0.0015512337982654572, 0.0024230046570301055
479, 1.2552590277045965, 6.729741340905093e-07, 0.0017634489946067333, 0.0023760776966810226
480, 1.2588725807145238, 7.00384968013168e-07, 0.0017956361770629884, 0.002414579316973686
481, 1.2656741309911013, 6.892014908999044e-07, 0.0017689062934368848, 0.002263828404247761
482, 1.2564640566706657, 4.721661991879955e-07, 0.001481328034773469, 0.002453343793749809
483, 1.2387376595288515, 6.394155371935994e-07, 0.0017099759746342898, 0.0023978647589683534
484, 1.250913836993277, 4.537100880952494e-07, 0.0014932036250829696, 0.0022535346820950508
485, 1.2600358091294765, 4.995813958430517e-07, 0.0015590425077825784, 0.0023190656676888464
486, 1.2776673352345824, 4.905930342147258e-07, 0.0015205402206629514, 0.002377137392759323
487, 1.2490460593253374, 6.406689084315076e-07, 0.0016931818276643754, 0.0025586210563778877
488, 1.2524359915405512, 6.697202530858703e-07, 0.0016938707549124957, 0.002602965272963047
489, 1.2351990528404713, 5.475154472378562e-07, 0.001566199954599142, 0.002434770241379738
490, 1.2154942322522402, 4.772164487576447e-07, 0.0014986777622252702, 0.0022404057532548903
491, 1.2553326366469264, 5.180063311627237e-07, 0.0015129428524523973, 0.002364689186215401
492, 1.2683367254212499, 4.807790884342467e-07, 0.0015104302801191808, 0.0023882890865206717
493, 1.270653243176639, 5.745236649090657e-07, 0.0016270616948604584, 0.0022620794549584387
494, 1.2436530496925116, 5.715397691119505e-07, 0.0016374336667358876, 0.00243106409907341
495, 1.2754957051947713, 5.537094170904311e-07, 0.0015741385836154221, 0.002379385121166706
496, 1.2518801968544722, 5.707190820203323e-07, 0.0016225855145603418, 0.0023593688383698463
497, 1.2291699294000864, 6.085653558329796e-07, 0.0016744715739041567, 0.00236099511384964
498, 1.2786316061392426, 5.372936476533141e-07, 0.0015517402738332749, 0.0021502313762903212
499, 1.2675140323117375, 5.175532703560748e-07, 0.0015353853572160005, 0.002218915447592735

0, 0.0020336462184786797
1, 0.002714834176003933
2, 0.0017720229225233197
3, 0.0024436444509774446
4, 0.0015688837738707662
5, 0.0016557055059820414
6, 0.0012956522405147552
7, 0.0020120847038924694
8, 0.00141829252243042
9, 0.001288814703002572
10, 0.0021971578244119883
11, 0.0012839609989896417
12, 0.00281471386551857
13, 0.0017630145885050297
14, 0.0011722370982170105
15, 0.0016934731975197792
16, 0.001636697561480105
17, 0.0022983376402407885
18, 0.001310292980633676
19, 0.0022072745487093925
20, 0.0013401854084804654
21, 0.0014253840781748295
22, 0.002280354965478182
23, 0.0026595231611281633
24, 0.0015298539074137807
25, 0.0027534395921975374
26, 0.0020639074500650167
27, 0.0017322706989943981
28, 0.0013099267380312085
29, 0.0019184750271961093
30, 0.002304201014339924
31, 0.0017009268049150705
32, 0.0008103091386146843
33, 0.0018712356686592102
34, 0.003018675372004509
35, 0.0015360269462689757
36, 0.001377600128762424
37, 0.0019155505578964949
38, 0.0013440987095236778
39, 0.0019058611942455173
40, 0.0013556949561461806
41, 0.0033266821410506964
42, 0.002143341349437833
43, 0.0022337064146995544
44, 0.0011806362308561802
45, 0.0013057183241471648
46, 0.0010143410181626678
47, 0.0018526865169405937
48, 0.002463242970407009
49, 0.002410435350611806
50, 0.0015254811150953174
51, 0.0013831760734319687
52, 0.0019533869344741106
53, 0.0011509564938023686
54, 0.001551039982587099
55, 0.0027237110771238804
56, 0.001866460544988513
57, 0.0014570178464055061
58, 0.0064765228889882565
59, 0.0011457314249128103
60, 0.0026804388035088778
61, 0.001899970113299787
62, 0.001713112578727305
63, 0.0020745836663991213
64, 0.0018737002974376082
65, 0.0030306142289191484
66, 0.0016672274796292186
67, 0.0023134893272072077
68, 0.0021463942248374224
69, 0.0014570627827197313
70, 0.0018122659530490637
71, 0.001576039008796215
72, 0.002138055395334959
73, 0.0015266704140231013
74, 0.0015638602199032903
75, 0.002319329883903265
76, 0.013242276385426521
77, 0.0018137138104066253
78, 0.0024917535483837128
79, 0.0011048680171370506
80, 0.00236076139844954
81, 0.0018861455610021949
82, 0.001637234934605658
83, 0.0034250549506396055
84, 0.0018756334902718663
85, 0.001863967627286911
86, 0.0018532967660576105
87, 0.0019909448456019163
88, 0.0025288693141192198
89, 0.0021373762283474207
90, 0.0021218161564320326
91, 0.002055543474853039
92, 0.003939193207770586
93, 0.002440543146803975
94, 0.006717712618410587
95, 0.0014976196689531207
96, 0.008690872229635715
97, 0.002786067081615329
98, 0.0017839395441114902
99, 0.001755058287829161

