0 3.706081621348858 0.16107307028770446 0.11757775783538818
1 3.4083928111940622 0.10035377097129822 0.07925338625907898
2 3.412070238031447 0.06384219497442245 0.055845946073532104
3 3.4140278277918696 0.04540738016366959 0.04277929246425629
4 3.4145691534504294 0.03687812805175781 0.03243475258350372
5 3.4155946187675 0.030361040353775025 0.029155927896499633
6 3.415222430601716 0.025694930791854857 0.025526592433452608
7 3.416502988897264 0.023814136266708374 0.025688715279102325
8 3.4162228386849165 0.021536320716142653 0.022981424033641815
9 3.4184888871386647 0.019352859765291212 0.024009060859680176
10 3.4184910468757153 0.019217817038297655 0.021207695305347444
11 3.4168964391574264 0.01790257015824318 0.022180847823619843
12 3.4193255743011832 0.017904355227947234 0.019647231996059417
13 3.4174419483169913 0.01571997120976448 0.0198350864648819
14 3.4197718603536487 0.015062390446662903 0.021953898668289184
15 3.4397066812962294 0.015098591521382331 0.017862502932548523
16 3.440316228196025 0.013673235908150673 0.01780212461948395
17 3.4433081224560738 0.01517728354036808 0.02324910670518875
18 3.4426544411107898 0.013661948010325432 0.01714122772216797
19 3.4457157319411635 0.012694072976708413 0.016868811547756195
20 3.444718671962619 0.01328405174612999 0.021550883054733277
21 3.446367407217622 0.015254109248518943 0.017546897530555727
22 3.4461237648501992 0.01293879970908165 0.016539215743541717
23 3.4460739688947797 0.011699255347251893 0.016573224365711212
24 3.4470495963469148 0.012868706241250038 0.018552006781101228
25 3.4553310023620725 0.014597069159150124 0.019961619675159456
26 3.4570463467389345 0.013260596051812172 0.017526283860206604
27 3.4579445309937 0.011882681369781494 0.01601575970649719
28 3.456457072868943 0.012528176605701446 0.016067858636379242
29 3.458868745714426 0.012156681939959526 0.016673585772514342
30 3.457088738679886 0.011230662450194358 0.016351434290409087
31 3.457942418754101 0.010771833032369614 0.015497899055480957
32 3.457435794174671 0.010915525451302529 0.017783048152923583
33 3.457073200494051 0.011988485068082809 0.015121892094612122
34 3.4590294221416116 0.010713742136955261 0.016275220811367036
35 3.4588722474873066 0.01193304143846035 0.014886994957923888
36 3.457303230650723 0.009799683824181556 0.014090616255998611
37 3.459501437842846 0.010137792706489563 0.01717349261045456
38 3.4581556683406234 0.012158702790737152 0.015436942875385284
39 3.4593628430739045 0.01055102238059044 0.0152645081281662
40 3.458518953062594 0.009849787384271622 0.014567846953868866
41 3.4588129930198193 0.009844785079360008 0.01921147108078003
42 3.4601238165050745 0.010382325008511543 0.013722840249538421
43 3.4592377115041018 0.01076628716289997 0.015948721170425416
44 3.4600806273519993 0.011154261529445647 0.013866081684827804
45 3.502334861084819 0.01062419530749321 0.014444074034690857
46 3.502897205762565 0.00994518768787384 0.013886821568012237
47 3.5049024848267436 0.010036645144224168 0.015854633450508117
48 3.503365800715983 0.010440932646393775 0.014160918593406678
49 3.5037842951714993 0.009236208721995353 0.014893956780433655
50 3.4867661744356155 0.00941792045533657 0.015371419787406922
51 3.4688615165650845 0.009946984767913818 0.01518401324748993
52 3.4678855184465647 0.00959161551296711 0.014504444301128388
53 3.46968156658113 0.011250701665878295 0.014211390912532807
54 3.467949153855443 0.00965945965051651 0.013071487545967103
55 3.4688330003991723 0.009457843318581582 0.014890355467796325
56 3.468988017179072 0.011522391453385353 0.014991913139820099
57 3.46639446541667 0.009659581303596497 0.013612090796232223
58 3.466499832458794 0.008880631327629089 0.01350812405347824
59 3.4665368981659412 0.009792736008763313 0.017161676287651063
60 3.465795027092099 0.011102257952094078 0.013724068105220795
61 3.484509039670229 0.008828115597367287 0.01293061763048172
62 3.486965854652226 0.00949390783905983 0.013408896923065185
63 3.4851072346791625 0.008245009019970894 0.013323566317558289
64 3.4880190743133426 0.010336174696683884 0.013656733930110932
65 3.48648985568434 0.009971464529633522 0.013390972316265105
66 3.4873656295239925 0.008603557154536248 0.013107219040393829
67 3.493399296887219 0.008809883117675782 0.015349063277244567
68 3.4884140817448497 0.009825908929109574 0.013936513364315032
69 3.489272157661617 0.009433343544602395 0.01389872670173645
70 3.488513165153563 0.009021166101098061 0.013191944658756257
71 3.486103502102196 0.00921899589896202 0.01382782518863678
72 3.487829824909568 0.008439017117023467 0.013173531889915466
73 3.488661028444767 0.007869714111089707 0.013782189339399337
74 3.48659954033792 0.007813781142234803 0.013413255214691161
75 3.487337563186884 0.008079855039715768 0.012267315685749054
76 3.4882171973586082 0.008569801077246666 0.01721504867076874
77 3.4866411425173283 0.009330606505274773 0.012959335446357727
78 3.486923479475081 0.007943455398082734 0.01341067373752594
79 3.486443283036351 0.008164918571710587 0.013730746954679489
80 3.488142895512283 0.008407156988978386 0.012473973631858825
81 3.4868912240490317 0.008490257203578948 0.012818689793348312
82 3.48699945025146 0.008761996418237687 0.01323602393269539
83 3.4882102888077497 0.007917242214083672 0.012163554280996323
84 3.488576806150377 0.007748312622308731 0.01361551120877266
85 3.486997743137181 0.007926029846072198 0.012070931494235992
86 3.489105341024697 0.00778907373547554 0.012531716227531433
87 3.4892289247363806 0.008239590749144553 0.01618180751800537
88 3.4878353122621775 0.009513668626546859 0.012647974193096162
89 3.4881923841312528 0.009139874145388603 0.014552491903305053
90 3.4882827289402485 0.008500485971570016 0.013103820085525512
91 3.486641460098326 0.00915238019824028 0.013569466769695282
92 3.4868045123293996 0.008634325504302978 0.01240595668554306
93 3.486100135371089 0.008068890243768691 0.01609952747821808
94 3.4862320721149445 0.008539408981800079 0.012689351737499237
95 3.4862376544624567 0.007601524099707603 0.012424876391887664
96 3.4857622804120183 0.008162474393844604 0.012445164024829864
97 3.4865319235250354 0.007957771345973015 0.012463909983634948
98 3.4883247623220086 0.007623505294322968 0.012212510108947755
99 3.4879904109984636 0.00891211274266243 0.013692695796489716
100 3.4883014811202884 0.007191027835011482 0.011446475684642791
101 3.486835685558617 0.006438616208732128 0.011389087438583374
102 3.4859683411195874 0.005946771509945392 0.011401751637458801
103 3.487390018068254 0.005669186562299728 0.011634317189455033
104 3.4867915296927094 0.0058314169645309446 0.011363529264926911
105 3.486556720919907 0.005623807869851589 0.011391289830207825
106 3.4876864282414317 0.005433088697493076 0.011288862079381942
107 3.4866202920675278 0.0055483226776123044 0.011312811076641083
108 3.4854544568806887 0.005573531471192837 0.01098756656050682
109 3.485953152179718 0.0055317035540938374 0.011224088966846466
110 3.486991072073579 0.0056185914129018785 0.011261729300022125
111 3.487081573344767 0.0062226602584123615 0.011182967722415924
112 3.4880316918715835 0.006345153003931046 0.012104623317718506
113 3.4869829127565026 0.00585363044589758 0.011650021970272064
114 3.486369584687054 0.005518001914024353 0.011202127635478974
115 3.488354627043009 0.005598922811448574 0.011099739372730255
116 3.487075660377741 0.005376059554517269 0.011152743846178054
117 3.4866033056750894 0.005249338254332542 0.011005064696073532
118 3.4859669022262096 0.005434472411870957 0.010841523706912994
119 3.487002885900438 0.005377280615270138 0.011004615426063537
120 3.488146628253162 0.005332654245197773 0.010933897644281387
121 3.488992789760232 0.005420683674514293 0.011165590584278106
122 3.4884465048089623 0.005786254063248634 0.010906602889299392
123 3.4883597642183304 0.005668400846421719 0.011234472393989564
124 3.48909320961684 0.005559168480336666 0.011138775944709777
125 3.4873162945732474 0.005570157051086426 0.010896033942699432
126 3.48656505998224 0.005632261611521244 0.011514522284269333
127 3.486321648582816 0.005757012501358986 0.011056550145149231
128 3.4878706336021423 0.005621661186218261 0.010840216279029846
129 3.4857656033709645 0.005524119548499584 0.011051446944475175
130 3.4862940618768334 0.00582599638402462 0.010893156230449676
131 3.4854798605665565 0.005649872437119484 0.011222345978021622
132 3.4851733278483152 0.005661648266017437 0.010826009809970855
133 3.4873041305691004 0.0057279799282550815 0.01133973702788353
134 3.4858350288122892 0.005908191576600075 0.011000471115112305
135 3.4846988152712584 0.005951467528939247 0.010868166983127594
136 3.4862030455842614 0.005403562776744366 0.01109746128320694
137 3.4869196051731706 0.005609071470797062 0.011429823786020279
138 3.484028692357242 0.005613164536654949 0.011120202392339707
139 3.4836120065301657 0.006276898860931397 0.011079963743686676
140 3.4851172836497426 0.0064473263099789615 0.010965116173028946
141 3.4841440841555595 0.005971919603645802 0.010879648178815841
142 3.4862646171823144 0.005493969582021236 0.010967161804437638
143 3.48482499551028 0.005497488163411618 0.010894915461540223
144 3.48492428753525 0.005761100962758064 0.010801099091768265
145 3.487342863343656 0.006360274918377399 0.011319652497768402
146 3.4860265273600817 0.005686987809836864 0.01166110932826996
147 3.4840377289801836 0.006086353324353695 0.011150839775800704
148 3.48381410446018 0.0061508136317133906 0.011350339502096176
149 3.487060052342713 0.005283981829881668 0.010699786990880967
150 3.4836393874138594 0.005129646837711334 0.010904346406459809
151 3.483803119510412 0.0052122404873371124 0.010800494998693465
152 3.484769062139094 0.005291193708777428 0.010926932394504547
153 3.4836263870820403 0.005485883936285973 0.010754405558109283
154 3.4834867008030415 0.0055283339843153955 0.010672409683465958
155 3.4839757084846497 0.005219409942626953 0.010835511684417725
156 3.484488047659397 0.005320833571255207 0.010883531123399735
157 3.4847332378849387 0.006011349469423294 0.01099512681365013
158 3.4858219465240836 0.005836874775588512 0.01081682726740837
159 3.484853809699416 0.0056326092481613155 0.010793374478816986
160 3.4855548702180386 0.005987333290278911 0.012303231656551361
161 3.487321841530502 0.005664109691977501 0.010655905902385712
162 3.486393729224801 0.005504289306700229 0.01067008003592491
163 3.4857330322265625 0.005504142187535763 0.010477031469345094
164 3.4852292789146304 0.005212091714143753 0.010552713423967361
165 3.483647720888257 0.005712279476225376 0.010544179677963257
166 3.4850556580349803 0.006722795240581035 0.011335486024618148
167 3.485235992819071 0.006139593183994293 0.010979220718145371
168 3.4839198337867856 0.0055088135227561 0.010664020776748656
169 3.485220775939524 0.0058867491334676746 0.011735611408948899
170 3.4858675729483366 0.005681047797203064 0.010815846771001815
171 3.4834966165944934 0.005375352062284946 0.010611893683671951
172 3.4872939605265856 0.005318904861807823 0.011525827646255492
173 3.487766773439944 0.006260034114122391 0.01057657688856125
174 3.486395511776209 0.005544057503342629 0.01076667070388794
175 3.4883982334285975 0.005315165415406227 0.010487489551305771
176 3.48759591486305 0.005215891003608704 0.010609133094549179
177 3.4857307011261582 0.005312233313918114 0.010551264435052872
178 3.4867712035775185 0.005143386028707028 0.010518518388271331
179 3.4848315436393023 0.00521027485281229 0.010610291659832
180 3.4836307829245925 0.00553386515378952 0.010894324630498886
181 3.4843674721196294 0.006312487594783306 0.010561725795269013
182 3.4826067248359323 0.006125774629414081 0.01052800178527832
183 3.4810602935031056 0.005802087932825089 0.010681802332401276
184 3.4831421030685306 0.005419783517718315 0.010731630474328995
185 3.4825425688177347 0.005567883156239986 0.010737846493721009
186 3.482176582328975 0.006216586090624332 0.010482852905988693
187 3.4833868695423007 0.005522103793919086 0.010567754209041595
188 3.484763750806451 0.005277702525258064 0.010646356791257859
189 3.484316618181765 0.0051959299519658084 0.010399991869926453
190 3.48530434910208 0.005449416279792786 0.010559745877981187
191 3.4859357913956046 0.005735106073319912 0.010704561173915862
192 3.483386727049947 0.005550438664853573 0.010655796229839325
193 3.4852445907890797 0.005138718470931053 0.010369645953178406
194 3.485427781008184 0.005362593695521355 0.01037659764289856
195 3.4846784183755517 0.005251453161239624 0.010860078185796738
196 3.486440761014819 0.005848381355404854 0.01031691163778305
197 3.486651715822518 0.0055544875636696816 0.010673683434724808
198 3.48426641151309 0.005220826990902424 0.010292831808328629
199 3.4855631962418556 0.005764135204255581 0.010817516446113586
200 3.48603443428874 0.004718172304332256 0.010173700749874115
201 3.4844056218862534 0.004304483115673065 0.01011990875005722
202 3.485829579643905 0.004260117061436176 0.01004901185631752
203 3.484557739458978 0.004200412578880787 0.010079988539218902
204 3.4839318245649338 0.0041677368134260175 0.010114482641220092
205 3.4844086319208145 0.004142810627818108 0.010007039755582809
206 3.484988396987319 0.00408042062819004 0.010115510672330857
207 3.482629812322557 0.004054949536919593 0.010144191235303879
208 3.483860428445041 0.004070344045758247 0.010055315941572189
209 3.4825103636831045 0.0040705127418041226 0.010106403529644013
210 3.4836236545816064 0.004168937407433987 0.010126164853572846
211 3.4823233000934124 0.004122178830206394 0.010254008322954178
212 3.4827476907521486 0.004188342869281768 0.01006710335612297
213 3.4815963925793767 0.0041573717519640925 0.01005241259932518
214 3.482004527002573 0.004087987698614597 0.009984425455331802
215 3.482679125852883 0.004057496108114719 0.010083106756210327
216 3.4807670414447784 0.004087446913123131 0.010088966190814973
217 3.4826989946886897 0.004110689930617809 0.009974385946989059
218 3.4834270495921373 0.004211909398436547 0.009955073595046998
219 3.4820922017097473 0.004107649907469749 0.010016848742961883
220 3.484060782007873 0.00408950773626566 0.01001951664686203
221 3.484145156107843 0.004133333988487721 0.010024474710226059
222 3.483244974166155 0.004302449963986874 0.010183315277099609
223 3.4849894121289253 0.004222690425813198 0.010050372034311295
224 3.4846483152359724 0.004182794764637947 0.010223961770534515
225 3.4848349737003446 0.0043702304512262344 0.010125633329153061
226 3.4846913684159517 0.004237274147570133 0.010203343480825425
227 3.4839893309399486 0.0042090659737586975 0.009935485273599625
228 3.4823674727231264 0.004460001029074192 0.010104884803295135
229 3.4826322561129928 0.004495246209204197 0.01019103690981865
230 3.4821035591885448 0.004398547187447548 0.010240945816040039
231 3.4810029976069927 0.004431075982749462 0.010110665261745453
232 3.482490211725235 0.004208001926541328 0.010098781138658523
233 3.483660014346242 0.004126696832478047 0.010052348375320435
234 3.4825418954715133 0.004338287927210331 0.010479719638824462
235 3.4839669596403837 0.004382819727063179 0.010031130611896515
236 3.4838909590616822 0.004148146532475948 0.009948659092187881
237 3.482865000143647 0.004056113600730896 0.009959322959184646
238 3.484362038783729 0.004159847915172577 0.010012532472610474
239 3.4828841416165233 0.004221049323678017 0.010042652040719986
240 3.4831597190350294 0.004297125115990639 0.010248675644397735
241 3.484661614522338 0.004185163371264934 0.009952223896980285
242 3.483233481645584 0.004212391696870327 0.009888994246721268
243 3.4830956142395735 0.004199451707303524 0.009999265819787979
244 3.4840421322733164 0.004109879784286022 0.00995950773358345
245 3.4829615484923124 0.004143732376396656 0.009969755858182907
246 3.4822415420785546 0.0041187738552689555 0.009966792911291123
247 3.4830010375007987 0.004154780305922031 0.00995129331946373
248 3.484088648110628 0.004009053148329258 0.009955297708511352
249 3.4816627241671085 0.00412557852268219 0.010322490930557251
250 3.4833876499906182 0.004272912167012691 0.009962904304265975
251 3.4842962082475424 0.00414037811011076 0.010048858672380447
252 3.4828368173912168 0.004040427513420582 0.009933391213417053
253 3.483632866293192 0.004035947158932686 0.009969394207000732
254 3.484150297008455 0.003979470700025558 0.009949318766593933
255 3.482850051485002 0.003932959288358688 0.009848530888557434
256 3.482992176897824 0.003985383816063404 0.009958920776844024
257 3.483446065336466 0.004111575670540333 0.009881851077079774
258 3.4829266294837 0.00408968248963356 0.009863361567258835
259 3.482222707942128 0.0040073969885706905 0.009879098236560822
260 3.482433325611055 0.004026787675917148 0.009886034578084946
261 3.481808776035905 0.004081680729985237 0.00989992380142212
262 3.4823984168469906 0.003975910075008869 0.009877151250839234
263 3.4836812149733305 0.0040535516142845155 0.009973494410514832
264 3.482165918685496 0.004870486430823803 0.010215941965579987
265 3.482137826271355 0.004561581827700138 0.010089892446994781
266 3.4835608303546906 0.004324366264045238 0.010318955332040787
267 3.481984238140285 0.004310894504189491 0.010456048399209977
268 3.4833687553182244 0.004599035508930683 0.010066734850406647
269 3.4835638208314776 0.0042014441564679145 0.009932114034891129
270 3.483569659292698 0.004186700813472271 0.009889977723360062
271 3.4859450394287705 0.004117077231407165 0.009978102147579193
272 3.4842896945774555 0.004090767465531826 0.010358752608299255
273 3.4819126687943935 0.004156284600496292 0.00987165093421936
274 3.4819881338626146 0.0041531483456492425 0.009898088723421097
275 3.4823551159352064 0.0040115504935383794 0.00987740233540535
276 3.481121496297419 0.004173056200146675 0.009809768348932267
277 3.4830997213721275 0.004099857896566391 0.009908187240362167
278 3.4831950962543488 0.0039741618037223815 0.009796771258115768
279 3.4820231487974524 0.0042041572257876395 0.009994473904371262
280 3.4838007548823953 0.004010224126279354 0.009855410009622574
281 3.484449002891779 0.0039154598116874694 0.009826273024082184
282 3.4825203279033303 0.003891772784292698 0.009780610650777817
283 3.4833388766273856 0.003951014570891857 0.010080991089344024
284 3.484133495017886 0.00421854193508625 0.009899590760469437
285 3.4819922605529428 0.004305238343775272 0.010493175387382507
286 3.4825211092829704 0.004708875551819801 0.00990514263510704
287 3.4833112405613065 0.004560180976986885 0.009833740442991257
288 3.4812347684055567 0.0043503171950578685 0.01009174346923828
289 3.482485556975007 0.004366951704025269 0.010240110009908676
290 3.481955242343247 0.004508672505617142 0.009869150072336196
291 3.480557947419584 0.004209118865430355 0.010003054887056351
292 3.482541644014418 0.004101384572684765 0.009833998531103134
293 3.48343469388783 0.004056071817874908 0.009896666556596757
294 3.4831856936216354 0.003918203681707382 0.009850449711084366
295 3.4826680729165673 0.0039099700450897215 0.009893975257873534
296 3.4849071949720383 0.00406859615445137 0.010082061439752578
297 3.4834306994453073 0.0043365418612957 0.009836509078741073
298 3.484129471704364 0.004026062570512295 0.00981397807598114
299 3.4853812968358397 0.004006013169884682 0.009804553985595703
300 3.4828574545681477 0.0037229375466704367 0.009752709418535233
301 3.483944413252175 0.00362788075953722 0.009690983593463898
302 3.4829523861408234 0.0035689506269991397 0.009720597267150879
303 3.4817723501473665 0.0035533544570207597 0.009703796803951264
304 3.481219313107431 0.003541592516005039 0.009714680910110473
305 3.4829946625977755 0.003528486777096987 0.009651720076799392
306 3.4828424779698253 0.003524277299642563 0.009680482894182205
307 3.4824951058253646 0.003528799943625927 0.009674170464277267
308 3.4834194807335734 0.0035230151936411856 0.009691423177719117
309 3.482725301757455 0.0035084780156612394 0.00964998960494995
310 3.483413110487163 0.003508943170309067 0.009651533961296081
311 3.4847666369751096 0.003495232652872801 0.009665957391262055
312 3.4847767343744636 0.0034968497082591057 0.009689679443836212
313 3.483601354062557 0.003497922521084547 0.009675498753786087
314 3.4849313218146563 0.0035116967782378196 0.009670973420143128
315 3.4831299893558025 0.0034996699690818785 0.009671309292316436
316 3.482824193313718 0.003543874830007553 0.009703550487756729
317 3.4840277004987 0.003516692914068699 0.00967403620481491
318 3.482617028988898 0.003497671078890562 0.009650989472866058
319 3.4821920255199075 0.003485569275915623 0.009650760143995286
320 3.4822544045746326 0.0035401125848293306 0.009648257493972778
321 3.4830409716814756 0.003507476206868887 0.00966664656996727
322 3.48202296346426 0.0035502139702439308 0.009669883847236634
323 3.4848355147987604 0.0035240645483136175 0.009628603011369705
324 3.4860593201592565 0.00354164919257164 0.009609612673521041
325 3.483194568194449 0.0035849841013550756 0.009673098921775819
326 3.483638829551637 0.0035298859775066377 0.009631946235895156
327 3.484693699516356 0.0035522371381521223 0.009641090780496598
328 3.4843079363927245 0.0035295205041766167 0.009622796177864075
329 3.4837451204657555 0.003509996101260185 0.00963125854730606
330 3.4844969986006618 0.003537088841199875 0.009580284059047699
331 3.4835646199062467 0.003593541540205479 0.009645897597074508
332 3.482777207158506 0.0035026581808924673 0.009693670719861984
333 3.483127221465111 0.0035668090134859083 0.009700999557971955
334 3.4815044831484556 0.0036126532703638077 0.009640860110521317
335 3.481288542971015 0.0035323406495153904 0.009623012244701386
336 3.4831075854599476 0.0035389469787478448 0.00964030548930168
337 3.4814055608585477 0.003526957981288433 0.009717563688755036
338 3.4818256851285696 0.0036464900523424148 0.009712592363357545
339 3.4836392803117633 0.003616908773779869 0.009656955301761628
340 3.482463713735342 0.0035212486535310746 0.009652003645896912
341 3.4841625057160854 0.003566864661872387 0.0096753890812397
342 3.484322415664792 0.003698135405778885 0.009721316993236542
343 3.4837784096598625 0.0035901030488312245 0.009664013236761092
344 3.4845629557967186 0.003532591976225376 0.009695687294006348
345 3.486149881966412 0.003568913273513317 0.009650800973176957
346 3.4835348604246974 0.003515379935503006 0.009630768150091172
347 3.4825196247547865 0.003505654118955135 0.009611248075962066
348 3.483874532394111 0.0034879167079925537 0.009562040865421294
349 3.4818284064531326 0.0035517900660634043 0.009638224691152573
350 3.4824257595464587 0.0035031380206346514 0.009602177739143371
351 3.483986660838127 0.0034640200696885587 0.009602535665035248
352 3.4824965726584196 0.0034386470802128316 0.009586562514305114
353 3.48252803273499 0.0034838680922985076 0.009722555130720139
354 3.48390054423362 0.0036301870718598367 0.009588529616594314
355 3.4829165125265718 0.0036012651845812797 0.009617044031620026
356 3.4839310506358743 0.003470480062067509 0.009574514478445054
357 3.485130639746785 0.0034709140621125697 0.009610296785831451
358 3.4835150204598904 0.0034305115081369876 0.009610834419727326
359 3.4835127713158727 0.003477566659450531 0.0095412078499794
360 3.4843381978571415 0.003438255600631237 0.009588869214057922
361 3.483507982455194 0.0036156318113207816 0.009630797654390335
362 3.483410067856312 0.0038274941444396975 0.009763836115598678
363 3.48325227946043 0.0036679782271385195 0.009651710540056228
364 3.4822688782587647 0.0035560782849788667 0.009546774327754975
365 3.4836243288591504 0.0035334990173578264 0.009654874354600907
366 3.484039285220206 0.0035255676209926604 0.009752936661243439
367 3.481787265278399 0.003471838556230068 0.00955979436635971
368 3.4843863239511847 0.003454583041369915 0.0095305398106575
369 3.4837698824703693 0.0034050103388726712 0.009589396119117737
370 3.48353960737586 0.003430244583636522 0.009516348987817764
371 3.4844562355428934 0.00343750599399209 0.009603678435087203
372 3.48398707062006 0.0034533791095018385 0.009548971354961395
373 3.482965599745512 0.003521274246275425 0.009517215490341187
374 3.483748460188508 0.003471831277012825 0.009577172249555588
375 3.484264832921326 0.0034456473141908648 0.009525863230228424
376 3.483344778418541 0.0034017759896814823 0.009519392549991608
377 3.482909046113491 0.0034350361898541452 0.009526982605457306
378 3.482943640090525 0.0035043418370187284 0.009550509601831436
379 3.4831833131611347 0.0034851514920592307 0.00952185019850731
380 3.482022705487907 0.0034580080546438696 0.009540840238332748
381 3.4824194507673383 0.0034662387892603875 0.009585738629102707
382 3.4824878443032503 0.0034138087294995783 0.009524311274290084
383 3.4840256422758102 0.0034262072779238225 0.009534663558006286
384 3.483470991253853 0.0034821653589606283 0.00958205059170723
385 3.483731659129262 0.003402036398649216 0.009566018730401993
386 3.4839712381362915 0.003454290881752968 0.009569074511528015
387 3.485019024461508 0.0034675299897789953 0.009543009251356125
388 3.4838716629892588 0.003410787142813206 0.00957915022969246
389 3.4847319666296244 0.0034316775761544707 0.009521522223949433
390 3.483992745168507 0.00343553800880909 0.009521477967500686
391 3.4834751514717937 0.0034388719722628592 0.00959904581308365
392 3.4837458319962025 0.0034476474449038506 0.009708905220031738
393 3.4836567118763924 0.003664037644863129 0.00960760623216629
394 3.482272726483643 0.0035938635170459747 0.009576563090085984
395 3.4830759363248944 0.0035331356376409532 0.009630087167024612
396 3.483086717315018 0.0034485562555491922 0.009541473090648652
397 3.4819219280034304 0.0034007583409547807 0.009600188434123993
398 3.4842954566702247 0.0034018401764333247 0.009488205015659333
399 3.48375778272748 0.0034078287407755853 0.009535945206880569
400 3.4828943219035864 0.0033321429528295993 0.009546005725860595
401 3.4848269214853644 0.0032735723592340945 0.009508332908153535
402 3.4847720600664616 0.0032527892626821996 0.009507711231708526
403 3.4825537856668234 0.003250121306627989 0.00950119376182556
404 3.484562865458429 0.0032455058805644513 0.009508687257766723
405 3.4845766462385654 0.0032409825772047045 0.009496681839227677
406 3.4819258945062757 0.0032413973361253737 0.009488256722688675
407 3.484160853549838 0.003240572702139616 0.009482781291007996
408 3.4840128580108285 0.0032381449602544308 0.00948541760444641
409 3.4822502583265305 0.0032416380569338797 0.009469909071922302
410 3.484550059773028 0.0032342317923903467 0.009464099705219269
411 3.483154001645744 0.003246585823595524 0.009496410191059113
412 3.4826750606298447 0.0032402899041771888 0.009487777799367905
413 3.484211985953152 0.0032332394011318683 0.009460367262363434
414 3.4833666374906898 0.003232169784605503 0.009497844427824021
415 3.483180639334023 0.0032357026748359202 0.009475659132003784
416 3.4847763823345304 0.0032335217371582984 0.009498223066329955
417 3.4840105874463916 0.003252076867967844 0.009530677646398544
418 3.4839331172406673 0.0032351845875382423 0.009453741312026977
419 3.4848723988980055 0.003250805798918009 0.00950500875711441
420 3.485779101960361 0.0032524539306759835 0.009487695693969726
421 3.4841800527647138 0.003234567578881979 0.00947340801358223
422 3.4840485621243715 0.0032345442697405817 0.009464920461177827
423 3.484287727624178 0.0032311049215495587 0.009470185190439224
424 3.4822097262367606 0.0032241095714271068 0.009469892829656601
425 3.482849871739745 0.0032344928123056887 0.009470749050378799
426 3.483814454637468 0.003232879512012005 0.009464529156684876
427 3.4829787453636527 0.0032281572744250297 0.00945373073220253
428 3.483561090193689 0.003239790853112936 0.009501809179782867
429 3.484063352458179 0.0032287875190377237 0.009462318569421767
430 3.483967595733702 0.003224915459752083 0.009455190002918244
431 3.4846431063488126 0.0032256101220846174 0.009474678039550781
432 3.48603228200227 0.003237818989902735 0.00947753205895424
433 3.4846010049805045 0.0032235295921564104 0.009438245594501495
434 3.486368650570512 0.003228489264845848 0.009500199258327484
435 3.485906284302473 0.003230320770293474 0.009452618062496185
436 3.485367875546217 0.0032400210350751876 0.009477014690637588
437 3.486806440167129 0.003221848413348198 0.009490894228219986
438 3.4864773135632277 0.0032226040326058863 0.009474928826093673
439 3.4825100088492036 0.0032265392281115054 0.009486970752477645
440 3.4839198868721724 0.0032264415211975574 0.00946402832865715
441 3.4863368878141046 0.0032511757239699363 0.009485890567302703
442 3.4821539977565408 0.003276373125612736 0.009511126428842545
443 3.4868752043694258 0.0032289572060108184 0.009467769265174866
444 3.483913039788604 0.003213456381112337 0.009462675601243973
445 3.484709167852998 0.0032402702607214453 0.009438640028238297
446 3.4852858139202 0.0032357951365411283 0.009503558725118638
447 3.486267127096653 0.0032424519918859006 0.009497724175453186
448 3.485554289072752 0.00321646748110652 0.009462488740682602
449 3.483790995553136 0.0032038971334695816 0.009431845247745515
450 3.487216793000698 0.003195762697607279 0.009449710249900817
451 3.484034744091332 0.0032278363332152366 0.009480691701173782
452 3.4858859181404114 0.003232816219329834 0.009466616958379746
453 3.4856945760548115 0.0032199544049799442 0.009456025660037995
454 3.4839795837178826 0.003216059010475874 0.009458604305982589
455 3.484179169870913 0.0031970296688377856 0.009445595145225525
456 3.486465422436595 0.0031999450623989107 0.009456317275762557
457 3.482940866611898 0.003204289887100458 0.009453697800636292
458 3.485104626044631 0.0032294185347855092 0.009492305964231491
459 3.4849083069711924 0.0032101397328078746 0.009476077258586884
460 3.4845803398638964 0.0032072719745337964 0.009436833113431931
461 3.4863226395100355 0.003238027449697256 0.009447243362665177
462 3.487374988384545 0.0032384744323790075 0.009466717541217804
463 3.485467533580959 0.0032030671425163745 0.009453203082084655
464 3.484564288519323 0.003199364133179188 0.009426829665899276
465 3.485053147189319 0.0031977150179445745 0.009424863457679749
466 3.4841649122536182 0.0032037073373794556 0.009419976323843003
467 3.4849844817072153 0.0031914636380970477 0.009424156993627548
468 3.484680370427668 0.0031871219240128994 0.00943064972758293
469 3.4835984567180276 0.0031830987110733986 0.009432290941476821
470 3.4846118576824665 0.0031886505745351316 0.009405242800712586
471 3.4843349382281303 0.003180736303329468 0.009432796686887741
472 3.483037664555013 0.0031887916438281534 0.009446585327386856
473 3.4852992072701454 0.0032370027601718904 0.009416902959346772
474 3.4842683570459485 0.0031993953697383405 0.009412423968315124
475 3.4832169665023685 0.003199231717735529 0.009440393447875976
476 3.4843618609011173 0.003188133463263512 0.009445168673992158
477 3.485394927673042 0.0031851093769073484 0.009471546709537506
478 3.483096493408084 0.0031935887448489666 0.009428754150867462
479 3.484959396533668 0.00316878005489707 0.009421345442533494
480 3.484331103041768 0.0031832492128014566 0.009494194984436035
481 3.483996336348355 0.0032207911796867847 0.009465772807598114
482 3.4848751639947295 0.0031932647302746774 0.009431098103523255
483 3.4846181673929095 0.003197006057947874 0.009430889636278153
484 3.4830801896750927 0.0031884523071348666 0.009410325437784195
485 3.483701588585973 0.0031882570199668406 0.00943587213754654
486 3.485532568767667 0.0031694386713206767 0.00941516786813736
487 3.4840775327757 0.003157918885350227 0.009435267597436904
488 3.485540102235973 0.003177071001380682 0.009439372420310975
489 3.4862160682678223 0.0031808395758271216 0.009439322352409362
490 3.483990696258843 0.0031618163101375103 0.009410894066095353
491 3.4862091708928347 0.003158738661557436 0.009423076957464218
492 3.4859392745420337 0.0031578432768583297 0.0093942853808403
493 3.484614641405642 0.0031599631905555726 0.00938671737909317
494 3.485852708108723 0.0031902084574103357 0.00946887195110321
495 3.4879782404750586 0.0031651439778506755 0.009415867477655411
496 3.4859759714454412 0.003151908777654171 0.009394443482160569
497 3.4879383463412523 0.003148636691272259 0.009413685947656632
498 3.4869499169290066 0.0031415656469762324 0.009416451454162597
499 3.487126332707703 0.0031430796794593334 0.009366762936115264
